<?xml version="1.0" encoding="UTF-8"?>
<!-- Generated by org.testng.reporters.JUnitReportReporter -->
<testsuite skipped="0" hostname="Abhijeets-MacBook-Air.local" name="com.MeSolutions.API_Testing.PostCall" tests="2" failures="0" timestamp="30 Dec 2019 01:58:57 GMT" time="3.106" errors="0">
  <testcase name="postValuePosts" time="3.085" classname="com.MeSolutions.API_Testing.PostCall"/>
  <testcase name="postData" time="0.021" classname="com.MeSolutions.API_Testing.PostCall"/>
</testsuite> <!-- com.MeSolutions.API_Testing.PostCall -->
