<?xml version="1.0" encoding="UTF-8"?>
<!-- Generated by org.testng.reporters.JUnitReportReporter -->
<testsuite skipped="0" hostname="Abhijeets-MacBook-Air.local" name="com.MeSolutionsGUI.UI.Add_User" tests="1" failures="0" timestamp="30 Dec 2019 23:59:48 GMT" time="7.111" errors="0">
  <testcase name="webTest" time="7.111" classname="com.MeSolutionsGUI.UI.Add_User"/>
</testsuite> <!-- com.MeSolutionsGUI.UI.Add_User -->
